<?xml version="1.0" encoding="UTF-8"?>
<!-- Generated by org.testng.reporters.JUnitReportReporter -->
<testsuite hostname="LAPTOP-0SJ3B8VU" failures="0" tests="2" name="TestNG.Day1" time="0.010" errors="0" timestamp="2021-12-14T18:18:28 IST" skipped="0">
  <testcase classname="TestNG.Day1" name="demoLectureSecond" time="0.002"/>
  <system-out/>
  <testcase classname="TestNG.Day1" name="demoLecture" time="0.008"/>
  <system-out/>
</testsuite> <!-- TestNG.Day1 -->
