<?xml version="1.0" encoding="UTF-8"?>
<!-- Generated by org.testng.reporters.JUnitReportReporter -->
<testsuite skipped="0" hostname="LAPTOP-0SJ3B8VU" name="RahulSheetyClasses.BrokenLinkWithParallesExecution" tests="1" failures="0" timestamp="2021-12-23T17:30:54 IST" time="109.076" errors="0">
  <testcase name="testBrokenLink" time="109.076" classname="RahulSheetyClasses.BrokenLinkWithParallesExecution"/>
  <system-out/>
</testsuite> <!-- RahulSheetyClasses.BrokenLinkWithParallesExecution -->
