<?xml version="1.0" encoding="UTF-8"?>
<!-- Generated by org.testng.reporters.JUnitReportReporter -->
<testsuite hostname="LAPTOP-0SJ3B8VU" failures="0" tests="1" name="Practice.E" time="28.813" errors="0" timestamp="2021-12-10T18:01:34 IST" skipped="0">
  <testcase classname="Practice.E" name="myTest" time="28.813"/>
  <system-out/>
</testsuite> <!-- Practice.E -->
