<?xml version="1.0" encoding="UTF-8"?>
<!-- Generated by org.testng.reporters.JUnitReportReporter -->
<testsuite skipped="3" hostname="LAPTOP-0SJ3B8VU" name="RahulSheetyClasses.StreamTopic" tests="12" failures="0" timestamp="2021-12-23T22:39:38 IST" time="0.056" errors="0">
  <testcase name="toArrayConversion" time="0.008" classname="RahulSheetyClasses.StreamTopic"/>
  <system-out/>
  <testcase name="sortingByLengthByDurga" time="0.008" classname="RahulSheetyClasses.StreamTopic"/>
  <system-out/>
  <testcase name="desortingByDurga" time="0.009" classname="RahulSheetyClasses.StreamTopic"/>
  <system-out/>
  <testcase name="usingStreamCollcet" time="0.003" classname="RahulSheetyClasses.StreamTopic"/>
  <system-out/>
  <testcase name="printValuse" time="0.000" classname="RahulSheetyClasses.StreamTopic"/>
  <system-out/>
  <testcase name="desortingOfStringByDurga" time="0.008" classname="RahulSheetyClasses.StreamTopic"/>
  <system-out/>
  <testcase name="minElementInArray" time="0.009" classname="RahulSheetyClasses.StreamTopic"/>
  <system-out/>
  <testcase name="evenNumbers" time="0.008" classname="RahulSheetyClasses.StreamTopic"/>
  <system-out/>
  <testcase name="appendString" time="0.003" classname="RahulSheetyClasses.StreamTopic"/>
  <system-out/>
  <testcase name="regular" classname="RahulSheetyClasses.StreamTopic">
    <skipped/>
  </testcase> <!-- regular -->
  <system-out/>
  <testcase name="usingStreamMap" classname="RahulSheetyClasses.StreamTopic">
    <skipped/>
  </testcase> <!-- usingStreamMap -->
  <system-out/>
  <testcase name="usingStream" classname="RahulSheetyClasses.StreamTopic">
    <skipped/>
  </testcase> <!-- usingStream -->
  <system-out/>
</testsuite> <!-- RahulSheetyClasses.StreamTopic -->
