<?xml version="1.0" encoding="UTF-8"?>
<!-- Generated by org.testng.reporters.JUnitReportReporter -->
<testsuite hostname="LAPTOP-0SJ3B8VU" failures="0" tests="1" name="RahulSheetyClasses.BrokenLinkByOmegaAutoTest" time="5.002" errors="0" timestamp="2021-12-12T14:52:49 IST" skipped="0">
  <testcase classname="RahulSheetyClasses.BrokenLinkByOmegaAutoTest" name="testBrokenImages" time="5.002"/>
  <system-out/>
</testsuite> <!-- RahulSheetyClasses.BrokenLinkByOmegaAutoTest -->
