<?xml version="1.0" encoding="UTF-8"?>
<!-- Generated by org.testng.reporters.JUnitReportReporter -->
<testsuite hostname="LAPTOP-0SJ3B8VU" failures="0" tests="1" name="Practice.D" time="40.193" errors="0" timestamp="2021-12-10T14:23:50 IST" skipped="0">
  <testcase classname="Practice.D" name="myTest" time="40.193"/>
  <system-out/>
</testsuite> <!-- Practice.D -->
