<?xml version="1.0" encoding="UTF-8"?>
<!-- Generated by org.testng.reporters.JUnitReportReporter -->
<testsuite hostname="LAPTOP-0SJ3B8VU" failures="0" tests="5" name="RahulSheetyClasses.StreamDrpSortingPAGINATION" time="5.579" errors="0" timestamp="2021-12-14T15:24:43 IST" skipped="4">
  <testcase classname="RahulSheetyClasses.StreamDrpSortingPAGINATION" name="filterTheResultsAndVerifyWordAvailableInList" time="5.579"/>
  <system-out/>
  <testcase classname="RahulSheetyClasses.StreamDrpSortingPAGINATION" name="clickOnDropDown">
    <skipped/>
  </testcase> <!-- clickOnDropDown -->
  <system-out/>
  <testcase classname="RahulSheetyClasses.StreamDrpSortingPAGINATION" name="getPriceOfRise">
    <skipped/>
  </testcase> <!-- getPriceOfRise -->
  <system-out/>
  <testcase classname="RahulSheetyClasses.StreamDrpSortingPAGINATION" name="SortingOfDropDown">
    <skipped/>
  </testcase> <!-- SortingOfDropDown -->
  <system-out/>
  <testcase classname="RahulSheetyClasses.StreamDrpSortingPAGINATION" name="SortingOfTableContent">
    <skipped/>
  </testcase> <!-- SortingOfTableContent -->
  <system-out/>
</testsuite> <!-- RahulSheetyClasses.StreamDrpSortingPAGINATION -->
