<?xml version="1.0" encoding="UTF-8"?>
<!-- Generated by org.testng.reporters.JUnitReportReporter -->
<testsuite hostname="LAPTOP-0SJ3B8VU" failures="0" tests="1" name="RahulSheetyClasses.WindowsAndFramesHandle" time="25.927" errors="0" timestamp="2021-12-14T17:32:01 IST" skipped="0">
  <testcase classname="RahulSheetyClasses.WindowsAndFramesHandle" name="myTest" time="25.927"/>
  <system-out/>
</testsuite> <!-- RahulSheetyClasses.WindowsAndFramesHandle -->
