<?xml version="1.0" encoding="UTF-8"?>
<!-- Generated by org.testng.reporters.JUnitReportReporter -->
<testsuite hostname="LAPTOP-0SJ3B8VU" failures="0" tests="3" name="Practice.B" time="0.007" errors="0" timestamp="2021-10-26T21:46:55 IST" skipped="0">
  <testcase classname="Practice.B" name="loginData" time="0.000"/>
  <system-out/>
  <testcase classname="Practice.B" name="loginData" time="0.006"/>
  <system-out/>
  <testcase classname="Practice.B" name="loginData" time="0.001"/>
  <system-out/>
</testsuite> <!-- Practice.B -->
