<?xml version="1.0" encoding="UTF-8"?>
<!-- Generated by org.testng.reporters.JUnitReportReporter -->
<testsuite hostname="LAPTOP-0SJ3B8VU" failures="0" tests="4" name="RahulSheetyClasses.Practice" time="0.013" errors="0" timestamp="2021-12-13T13:33:09 IST" skipped="3">
  <testcase classname="RahulSheetyClasses.Practice" name="usingStreamCollcet" time="0.013"/>
  <system-out/>
  <testcase classname="RahulSheetyClasses.Practice" name="regular">
    <skipped/>
  </testcase> <!-- regular -->
  <system-out/>
  <testcase classname="RahulSheetyClasses.Practice" name="usingStream">
    <skipped/>
  </testcase> <!-- usingStream -->
  <system-out/>
  <testcase classname="RahulSheetyClasses.Practice" name="usingStreamMap">
    <skipped/>
  </testcase> <!-- usingStreamMap -->
  <system-out/>
</testsuite> <!-- RahulSheetyClasses.Practice -->
