<?xml version="1.0" encoding="UTF-8"?>
<!-- Generated by org.testng.reporters.JUnitReportReporter -->
<testsuite hostname="LAPTOP-0SJ3B8VU" failures="0" tests="1" name="Practice.C" time="19.428" errors="0" timestamp="2021-12-09T23:29:09 IST" skipped="0">
  <testcase classname="Practice.C" name="myTest" time="19.428"/>
  <system-out/>
</testsuite> <!-- Practice.C -->
