<?xml version="1.0" encoding="UTF-8"?>
<!-- Generated by org.testng.reporters.JUnitReportReporter -->
<testsuite hostname="LAPTOP-0SJ3B8VU" failures="0" tests="1" name="RahulSheetyClasses.Tables" time="10.801" errors="0" timestamp="2021-12-11T11:05:12 IST" skipped="0">
  <testcase classname="RahulSheetyClasses.Tables" name="myTest" time="10.801"/>
  <system-out/>
</testsuite> <!-- RahulSheetyClasses.Tables -->
